Using Theano backend.
Loading data...
Downloading data from https://s3.amazonaws.com/text-datasets/imdb.pkl
33218560/33213513 [==============================] - 92s      
20000 train sequences
5000 test sequences
Pad sequences (samples x time)
X_train shape: (20000, 80)
X_test shape: (5000, 80)
Build model...
Train...
(20000, 80)
(20000,)
Train on 20000 samples, validate on 5000 samples
Epoch 1/15
20000/20000 [==============================] - 670s - loss: 0.5757 - acc: 0.6938 - val_loss: 0.5120 - val_acc: 0.7820
Epoch 2/15
20000/20000 [==============================] - 673s - loss: 0.4209 - acc: 0.8123 - val_loss: 0.3978 - val_acc: 0.8168
Epoch 3/15
20000/20000 [==============================] - 675s - loss: 0.3408 - acc: 0.8556 - val_loss: 0.4119 - val_acc: 0.8080
Epoch 4/15
20000/20000 [==============================] - 675s - loss: 0.2833 - acc: 0.8843 - val_loss: 0.4008 - val_acc: 0.8270
Epoch 5/15
20000/20000 [==============================] - 681s - loss: 0.2304 - acc: 0.9091 - val_loss: 0.4647 - val_acc: 0.8204
Epoch 6/15
20000/20000 [==============================] - 677s - loss: 0.1884 - acc: 0.9257 - val_loss: 0.4901 - val_acc: 0.8174
Epoch 7/15
20000/20000 [==============================] - 676s - loss: 0.1579 - acc: 0.9397 - val_loss: 0.4807 - val_acc: 0.8174
Epoch 8/15
20000/20000 [==============================] - 677s - loss: 0.1335 - acc: 0.9476 - val_loss: 0.5394 - val_acc: 0.8190
Epoch 9/15
20000/20000 [==============================] - 676s - loss: 0.1134 - acc: 0.9569 - val_loss: 0.5371 - val_acc: 0.8132
Epoch 10/15
20000/20000 [==============================] - 679s - loss: 0.0999 - acc: 0.9632 - val_loss: 0.6385 - val_acc: 0.8086
Epoch 11/15
20000/20000 [==============================] - 678s - loss: 0.0889 - acc: 0.9665 - val_loss: 0.6788 - val_acc: 0.8172
Epoch 12/15
20000/20000 [==============================] - 680s - loss: 0.0778 - acc: 0.9714 - val_loss: 0.6881 - val_acc: 0.8116
Epoch 13/15
20000/20000 [==============================] - 680s - loss: 0.0762 - acc: 0.9727 - val_loss: 0.6962 - val_acc: 0.8156
Epoch 14/15
20000/20000 [==============================] - 681s - loss: 0.0645 - acc: 0.9773 - val_loss: 0.7206 - val_acc: 0.8120
Epoch 15/15
20000/20000 [==============================] - 678s - loss: 0.0648 - acc: 0.9752 - val_loss: 0.6759 - val_acc: 0.8128
5000/5000 [==============================] - 44s     
Test score: 0.675929004335
Test accuracy: 0.8128
